Started GET "/timesheets/29/edit" for ::1 at 2019-11-17 23:26:43 -0700
  
ActionController::RoutingError (No route matches [GET] "/timesheets/29/edit"):
  
actionpack (5.2.3) lib/action_dispatch/middleware/debug_exceptions.rb:65:in `call'
web-console (3.7.0) lib/web_console/middleware.rb:135:in `call_app'
web-console (3.7.0) lib/web_console/middleware.rb:30:in `block in call'
web-console (3.7.0) lib/web_console/middleware.rb:20:in `catch'
web-console (3.7.0) lib/web_console/middleware.rb:20:in `call'
actionpack (5.2.3) lib/action_dispatch/middleware/show_exceptions.rb:33:in `call'
railties (5.2.3) lib/rails/rack/logger.rb:38:in `call_app'
railties (5.2.3) lib/rails/rack/logger.rb:26:in `block in call'
activesupport (5.2.3) lib/active_support/tagged_logging.rb:71:in `block in tagged'
activesupport (5.2.3) lib/active_support/tagged_logging.rb:28:in `tagged'
activesupport (5.2.3) lib/active_support/tagged_logging.rb:71:in `tagged'
railties (5.2.3) lib/rails/rack/logger.rb:26:in `call'
sprockets-rails (3.2.1) lib/sprockets/rails/quiet_assets.rb:13:in `call'
actionpack (5.2.3) lib/action_dispatch/middleware/remote_ip.rb:81:in `call'
actionpack (5.2.3) lib/action_dispatch/middleware/request_id.rb:27:in `call'
rack (2.0.7) lib/rack/method_override.rb:22:in `call'
rack (2.0.7) lib/rack/runtime.rb:22:in `call'
activesupport (5.2.3) lib/active_support/cache/strategy/local_cache_middleware.rb:29:in `call'
actionpack (5.2.3) lib/action_dispatch/middleware/executor.rb:14:in `call'
actionpack (5.2.3) lib/action_dispatch/middleware/static.rb:127:in `call'
rack (2.0.7) lib/rack/sendfile.rb:111:in `call'
webpacker (4.2.0) lib/webpacker/dev_server_proxy.rb:23:in `perform_request'
rack-proxy (0.6.5) lib/rack/proxy.rb:57:in `call'
railties (5.2.3) lib/rails/engine.rb:524:in `call'
puma (3.12.1) lib/puma/configuration.rb:227:in `call'
puma (3.12.1) lib/puma/server.rb:660:in `handle_request'
puma (3.12.1) lib/puma/server.rb:474:in `process_client'
puma (3.12.1) lib/puma/server.rb:334:in `block in run'
puma (3.12.1) lib/puma/thread_pool.rb:135:in `block in spawn_thread'
Started GET "/" for ::1 at 2019-11-17 23:26:49 -0700
Processing by PagesController#home as HTML
  Rendering pages/home.html.erb within layouts/application
  Rendered pages/home.html.erb within layouts/application (0.4ms)
Completed 500 Internal Server Error in 218ms (ActiveRecord: 0.0ms)


  
ActionView::Template::Error (couldn't find file 'jquery' with type 'application/javascript'
Checked in these paths: 
  /Users/alexyounger/Desktop/Development/Rails/commands-library/app/assets/config
  /Users/alexyounger/Desktop/Development/Rails/commands-library/app/assets/images
  /Users/alexyounger/Desktop/Development/Rails/commands-library/app/assets/javascripts
  /Users/alexyounger/Desktop/Development/Rails/commands-library/app/assets/stylesheets
  /Users/alexyounger/.rvm/gems/ruby-2.5.1/gems/coffee-rails-4.2.2/lib/assets/javascripts
  /Users/alexyounger/.rvm/gems/ruby-2.5.1/gems/actioncable-5.2.3/lib/assets/compiled
  /Users/alexyounger/.rvm/gems/ruby-2.5.1/gems/activestorage-5.2.3/app/assets/javascripts
  /Users/alexyounger/.rvm/gems/ruby-2.5.1/gems/actionview-5.2.3/lib/assets/compiled
  /Users/alexyounger/.rvm/gems/ruby-2.5.1/gems/turbolinks-source-5.2.0/lib/assets/javascripts
  /Users/alexyounger/Desktop/Development/Rails/commands-library/node_modules):
     6:     <%= csrf_meta_tags %>
     7:     <%= csp_meta_tag %>
     8: 
     9:     <%= stylesheet_link_tag 'application', media: 'all', 'data-turbolinks-track': 'reload' %>
    10:     <%= stylesheet_pack_tag 'application' %>
    11:   </head>
    12: 
  
app/assets/javascripts/application.js:13
app/views/layouts/application.html.erb:9:in `_app_views_layouts_application_html_erb__4209471773257799725_70140379409840'
Started GET "/" for ::1 at 2019-11-17 23:31:22 -0700
Processing by PagesController#home as HTML
  Rendering pages/home.html.erb within layouts/application
  Rendered pages/home.html.erb within layouts/application (0.9ms)
[Webpacker] Compiling...
[Webpacker] Compiled all packs in /Users/alexyounger/Desktop/Development/Rails/commands-library/public/packs
[Webpacker] Hash: 7b6f69c52f80b8128e1c
Version: webpack 4.41.2
Time: 2151ms
Built at: 11/17/2019 11:31:27 PM
                                     Asset       Size       Chunks                         Chunk Names
    js/application-cd6b9eba24031b8e0209.js    796 KiB  application  [emitted] [immutable]  application
js/application-cd6b9eba24031b8e0209.js.map    856 KiB  application  [emitted] [dev]        application
                             manifest.json  364 bytes               [emitted]              
Entrypoint application = js/application-cd6b9eba24031b8e0209.js js/application-cd6b9eba24031b8e0209.js.map
[./app/javascript/css/application.css] 491 bytes {application} [built]
[./app/javascript/packs/application.js] 835 bytes {application} [built]
[./node_modules/css-loader/dist/cjs.js?!./node_modules/postcss-loader/src/index.js?!./app/javascript/css/application.css] ./node_modules/css-loader/dist/cjs.js??ref--6-1!./node_modules/postcss-loader/src??ref--6-2!./app/javascript/css/application.css 779 KiB {application} [built]
    + 2 hidden modules

Completed 200 OK in 5244ms (Views: 5237.1ms | ActiveRecord: 0.0ms)


Started GET "/" for ::1 at 2019-11-17 23:32:05 -0700
Processing by PagesController#home as HTML
  Rendering pages/home.html.erb within layouts/application
  Rendered pages/home.html.erb within layouts/application (0.4ms)
[Webpacker] Everything's up-to-date. Nothing to do
Completed 200 OK in 37ms (Views: 33.3ms | ActiveRecord: 0.0ms)


